<?xml version="1.0" encoding="UTF-8"?>
<!-- Generated by org.testng.reporters.JUnitXMLReporter -->
<testsuite ignored="0" hostname="DESKTOP-Q75J1RK" failures="0" tests="3" name="Test" time="45.977" errors="0" timestamp="2022-03-17T13:42:29 IST">
  <testcase classname="com.simplilearn.assertiontest.AssertionTestUsing_TestNG.AssertionTest" name="launch" time="31.258"/>
  <testcase classname="com.simplilearn.assertiontest.AssertionTestUsing_TestNG.AssertionTest" name="facebook" time="12.094"/>
  <testcase classname="com.simplilearn.assertiontest.AssertionTestUsing_TestNG.AssertionTest" name="login" time="2.491"/>
</testsuite> <!-- Test -->
