<?xml version="1.0" encoding="UTF-8"?>
<testng-results ignored="0" total="6" passed="6" failed="0" skipped="0">
  <reporter-output>
  </reporter-output>
  <suite started-at="2022-03-31T13:47:40 IST" name="Suite" finished-at="2022-03-31T13:52:10 IST" duration-ms="269686">
    <groups>
      <group name="FB">
        <method signature="FacbookLogin.launchFacebook()[pri:0, instance:com.simplilearn.automatingwebsite.Automate_Web_App_usingTestNG.FacbookLogin@6c64cb25]" name="launchFacebook" class="com.simplilearn.automatingwebsite.Automate_Web_App_usingTestNG.FacbookLogin"/>
        <method signature="FacbookLogin.login()[pri:0, instance:com.simplilearn.automatingwebsite.Automate_Web_App_usingTestNG.FacbookLogin@6c64cb25]" name="login" class="com.simplilearn.automatingwebsite.Automate_Web_App_usingTestNG.FacbookLogin"/>
        <method signature="HandlingInvalidLogin.launchFacebook()[pri:0, instance:com.simplilearn.automatingwebsite.Automate_Web_App_usingTestNG.HandlingInvalidLogin@245b4bdc]" name="launchFacebook" class="com.simplilearn.automatingwebsite.Automate_Web_App_usingTestNG.HandlingInvalidLogin"/>
        <method signature="HandlingInvalidLogin.login()[pri:0, instance:com.simplilearn.automatingwebsite.Automate_Web_App_usingTestNG.HandlingInvalidLogin@245b4bdc]" name="login" class="com.simplilearn.automatingwebsite.Automate_Web_App_usingTestNG.HandlingInvalidLogin"/>
      </group> <!-- FB -->
    </groups>
    <test started-at="2022-03-31T13:47:40 IST" name="Test" finished-at="2022-03-31T13:52:10 IST" duration-ms="269686">
      <class name="com.simplilearn.automatingwebsite.Automate_Web_App_usingTestNG.FacbookLogin">
        <test-method is-config="true" signature="beforeTest()[pri:0, instance:com.simplilearn.automatingwebsite.Automate_Web_App_usingTestNG.FacbookLogin@6c64cb25]" started-at="2022-03-31T13:48:40 IST" name="beforeTest" finished-at="2022-03-31T13:49:01 IST" duration-ms="20703" status="PASS">
          <reporter-output>
          </reporter-output>
        </test-method> <!-- beforeTest -->
        <test-method signature="launchFacebook()[pri:0, instance:com.simplilearn.automatingwebsite.Automate_Web_App_usingTestNG.FacbookLogin@6c64cb25]" started-at="2022-03-31T13:51:38 IST" name="launchFacebook" finished-at="2022-03-31T13:51:59 IST" duration-ms="21024" status="PASS">
          <reporter-output>
          </reporter-output>
        </test-method> <!-- launchFacebook -->
        <test-method signature="login()[pri:0, instance:com.simplilearn.automatingwebsite.Automate_Web_App_usingTestNG.FacbookLogin@6c64cb25]" started-at="2022-03-31T13:51:59 IST" name="login" finished-at="2022-03-31T13:52:10 IST" depends-on-methods="com.simplilearn.automatingwebsite.Automate_Web_App_usingTestNG.FacbookLogin.launchFacebook" duration-ms="10453" status="PASS">
          <reporter-output>
          </reporter-output>
        </test-method> <!-- login -->
        <test-method is-config="true" signature="afterTest()[pri:0, instance:com.simplilearn.automatingwebsite.Automate_Web_App_usingTestNG.FacbookLogin@6c64cb25]" started-at="2022-03-31T13:52:10 IST" name="afterTest" finished-at="2022-03-31T13:52:10 IST" duration-ms="0" status="PASS">
          <reporter-output>
          </reporter-output>
        </test-method> <!-- afterTest -->
      </class> <!-- com.simplilearn.automatingwebsite.Automate_Web_App_usingTestNG.FacbookLogin -->
      <class name="com.simplilearn.automatingwebsite.Automate_Web_App_usingTestNG.HandlingInvalidLogin">
        <test-method is-config="true" signature="beforeTest()[pri:0, instance:com.simplilearn.automatingwebsite.Automate_Web_App_usingTestNG.HandlingInvalidLogin@245b4bdc]" started-at="2022-03-31T13:49:01 IST" name="beforeTest" finished-at="2022-03-31T13:49:29 IST" duration-ms="27480" status="PASS">
          <reporter-output>
          </reporter-output>
        </test-method> <!-- beforeTest -->
        <test-method signature="launchFacebook()[pri:0, instance:com.simplilearn.automatingwebsite.Automate_Web_App_usingTestNG.HandlingInvalidLogin@245b4bdc]" started-at="2022-03-31T13:50:41 IST" name="launchFacebook" finished-at="2022-03-31T13:51:37 IST" duration-ms="56272" status="PASS">
          <reporter-output>
          </reporter-output>
        </test-method> <!-- launchFacebook -->
        <test-method signature="login()[pri:0, instance:com.simplilearn.automatingwebsite.Automate_Web_App_usingTestNG.HandlingInvalidLogin@245b4bdc]" started-at="2022-03-31T13:51:37 IST" name="login" finished-at="2022-03-31T13:51:38 IST" depends-on-methods="com.simplilearn.automatingwebsite.Automate_Web_App_usingTestNG.HandlingInvalidLogin.launchFacebook" duration-ms="902" status="PASS">
          <reporter-output>
          </reporter-output>
        </test-method> <!-- login -->
        <test-method is-config="true" signature="afterTest()[pri:0, instance:com.simplilearn.automatingwebsite.Automate_Web_App_usingTestNG.HandlingInvalidLogin@245b4bdc]" started-at="2022-03-31T13:52:10 IST" name="afterTest" finished-at="2022-03-31T13:52:10 IST" duration-ms="0" status="PASS">
          <reporter-output>
          </reporter-output>
        </test-method> <!-- afterTest -->
      </class> <!-- com.simplilearn.automatingwebsite.Automate_Web_App_usingTestNG.HandlingInvalidLogin -->
      <class name="com.simplilearn.automatingwebsite.Automate_Web_App_usingTestNG.AutomateRegistration">
        <test-method is-config="true" signature="beforeTest()[pri:0, instance:com.simplilearn.automatingwebsite.Automate_Web_App_usingTestNG.AutomateRegistration@5876a9af]" started-at="2022-03-31T13:47:40 IST" name="beforeTest" finished-at="2022-03-31T13:48:40 IST" duration-ms="60206" status="PASS">
          <reporter-output>
          </reporter-output>
        </test-method> <!-- beforeTest -->
        <test-method signature="launchFacebook()[pri:0, instance:com.simplilearn.automatingwebsite.Automate_Web_App_usingTestNG.AutomateRegistration@5876a9af]" started-at="2022-03-31T13:49:30 IST" name="launchFacebook" finished-at="2022-03-31T13:50:29 IST" duration-ms="58689" status="PASS">
          <reporter-output>
          </reporter-output>
        </test-method> <!-- launchFacebook -->
        <test-method signature="login()[pri:0, instance:com.simplilearn.automatingwebsite.Automate_Web_App_usingTestNG.AutomateRegistration@5876a9af]" started-at="2022-03-31T13:50:29 IST" name="login" finished-at="2022-03-31T13:50:41 IST" duration-ms="12194" status="PASS">
          <reporter-output>
          </reporter-output>
        </test-method> <!-- login -->
        <test-method is-config="true" signature="afterTest()[pri:0, instance:com.simplilearn.automatingwebsite.Automate_Web_App_usingTestNG.AutomateRegistration@5876a9af]" started-at="2022-03-31T13:52:10 IST" name="afterTest" finished-at="2022-03-31T13:52:10 IST" duration-ms="1" status="PASS">
          <reporter-output>
          </reporter-output>
        </test-method> <!-- afterTest -->
      </class> <!-- com.simplilearn.automatingwebsite.Automate_Web_App_usingTestNG.AutomateRegistration -->
    </test> <!-- Test -->
  </suite> <!-- Suite -->
</testng-results>
