<?xml version="1.0" encoding="UTF-8"?>
<!-- Generated by org.testng.reporters.JUnitXMLReporter -->
<testsuite ignored="0" hostname="DESKTOP-Q75J1RK" failures="0" tests="2" name="Default test" time="166.9" errors="0" timestamp="2022-03-31T12:48:56 IST">
  <testcase classname="com.simplilearn.automatingwebsite.Automate_Web_App_usingTestNG.HandlingInvalidLogin" name="launchFacebook" time="96.763"/>
  <testcase classname="com.simplilearn.automatingwebsite.Automate_Web_App_usingTestNG.HandlingInvalidLogin" name="login" time="8.662"/>
</testsuite> <!-- Default test -->
