<?xml version="1.0" encoding="UTF-8"?>
<!-- Generated by org.testng.reporters.JUnitXMLReporter -->
<testsuite ignored="0" hostname="DESKTOP-Q75J1RK" failures="0" tests="3" name="Default test" time="38.297" errors="0" timestamp="2022-03-17T13:40:33 IST">
  <testcase classname="com.simplilearn.assertiontest.AssertionTestUsing_TestNG.AssertionTest" name="launch" time="27.871"/>
  <testcase classname="com.simplilearn.assertiontest.AssertionTestUsing_TestNG.AssertionTest" name="facebook" time="7.655"/>
  <testcase classname="com.simplilearn.assertiontest.AssertionTestUsing_TestNG.AssertionTest" name="login" time="2.615"/>
</testsuite> <!-- Default test -->
