<?xml version="1.0" encoding="UTF-8"?>
<!-- Generated by org.testng.reporters.JUnitXMLReporter -->
<testsuite ignored="1" hostname="DESKTOP-Q75J1RK" failures="0" tests="1" name="Test(failed)(failed)" time="0.097" errors="0" timestamp="2022-03-17T11:06:36 IST">
  <testcase classname="com.simplilearn.testng.TestNG_Demo.FirstTest" name="testone" time="0.016"/>
  <testcase classname="com.simplilearn.testng.TestNG_Demo.FirstTest" name="f" time="0.0">
    <ignored/>
  </testcase> <!-- f -->
</testsuite> <!-- Test(failed)(failed) -->
