<?xml version="1.0" encoding="UTF-8"?>
<!-- Generated by org.testng.reporters.JUnitXMLReporter -->
<testsuite ignored="0" hostname="DESKTOP-Q75J1RK" failures="0" tests="6" name="Test" time="269.686" errors="0" timestamp="2022-03-31T13:52:10 IST">
  <testcase classname="com.simplilearn.automatingwebsite.Automate_Web_App_usingTestNG.AutomateRegistration" name="launchFacebook" time="58.689"/>
  <testcase classname="com.simplilearn.automatingwebsite.Automate_Web_App_usingTestNG.AutomateRegistration" name="login" time="12.194"/>
  <testcase classname="com.simplilearn.automatingwebsite.Automate_Web_App_usingTestNG.HandlingInvalidLogin" name="launchFacebook" time="56.272"/>
  <testcase classname="com.simplilearn.automatingwebsite.Automate_Web_App_usingTestNG.HandlingInvalidLogin" name="login" time="0.902"/>
  <testcase classname="com.simplilearn.automatingwebsite.Automate_Web_App_usingTestNG.FacbookLogin" name="launchFacebook" time="21.024"/>
  <testcase classname="com.simplilearn.automatingwebsite.Automate_Web_App_usingTestNG.FacbookLogin" name="login" time="10.453"/>
</testsuite> <!-- Test -->
