<?xml version="1.0" encoding="UTF-8"?>
<testng-results ignored="1" total="2" passed="1" failed="0" skipped="0">
  <reporter-output>
  </reporter-output>
  <suite started-at="2022-03-17T11:06:36 IST" name="Failed suite [Failed suite [Suite]]" finished-at="2022-03-17T11:06:36 IST" duration-ms="97">
    <groups>
    </groups>
    <test started-at="2022-03-17T11:06:36 IST" name="Test(failed)(failed)" finished-at="2022-03-17T11:06:36 IST" duration-ms="97">
      <class name="com.simplilearn.testng.TestNG_Demo.FirstTest">
        <test-method is-config="true" signature="beforeSuite()[pri:0, instance:com.simplilearn.testng.TestNG_Demo.FirstTest@222545dc]" started-at="2022-03-17T11:06:36 IST" name="beforeSuite" finished-at="2022-03-17T11:06:36 IST" duration-ms="15" status="PASS">
          <reporter-output>
          </reporter-output>
        </test-method> <!-- beforeSuite -->
        <test-method is-config="true" signature="beforeTest()[pri:0, instance:com.simplilearn.testng.TestNG_Demo.FirstTest@222545dc]" started-at="2022-03-17T11:06:36 IST" name="beforeTest" finished-at="2022-03-17T11:06:36 IST" duration-ms="1" status="PASS">
          <reporter-output>
          </reporter-output>
        </test-method> <!-- beforeTest -->
        <test-method is-config="true" signature="beforeClass()[pri:0, instance:com.simplilearn.testng.TestNG_Demo.FirstTest@222545dc]" started-at="2022-03-17T11:06:36 IST" name="beforeClass" finished-at="2022-03-17T11:06:36 IST" duration-ms="1" status="PASS">
          <reporter-output>
          </reporter-output>
        </test-method> <!-- beforeClass -->
        <test-method is-config="true" signature="beforeMethod()[pri:0, instance:com.simplilearn.testng.TestNG_Demo.FirstTest@222545dc]" started-at="2022-03-17T11:06:36 IST" name="beforeMethod" finished-at="2022-03-17T11:06:36 IST" duration-ms="1" status="PASS">
          <reporter-output>
          </reporter-output>
        </test-method> <!-- beforeMethod -->
        <test-method signature="testone()[pri:0, instance:com.simplilearn.testng.TestNG_Demo.FirstTest@222545dc]" started-at="2022-03-17T11:06:36 IST" name="testone" finished-at="2022-03-17T11:06:36 IST" duration-ms="16" status="PASS">
          <reporter-output>
          </reporter-output>
        </test-method> <!-- testone -->
        <test-method is-config="true" signature="afterMethod()[pri:0, instance:com.simplilearn.testng.TestNG_Demo.FirstTest@222545dc]" started-at="2022-03-17T11:06:36 IST" name="afterMethod" finished-at="2022-03-17T11:06:36 IST" duration-ms="1" status="PASS">
          <reporter-output>
          </reporter-output>
        </test-method> <!-- afterMethod -->
        <test-method is-config="true" signature="afterClass()[pri:0, instance:com.simplilearn.testng.TestNG_Demo.FirstTest@222545dc]" started-at="2022-03-17T11:06:36 IST" name="afterClass" finished-at="2022-03-17T11:06:36 IST" duration-ms="1" status="PASS">
          <reporter-output>
          </reporter-output>
        </test-method> <!-- afterClass -->
        <test-method is-config="true" signature="afterTest()[pri:0, instance:com.simplilearn.testng.TestNG_Demo.FirstTest@222545dc]" started-at="2022-03-17T11:06:36 IST" name="afterTest" finished-at="2022-03-17T11:06:36 IST" duration-ms="0" status="PASS">
          <reporter-output>
          </reporter-output>
        </test-method> <!-- afterTest -->
        <test-method is-config="true" signature="afterSuite()[pri:0, instance:com.simplilearn.testng.TestNG_Demo.FirstTest@222545dc]" started-at="2022-03-17T11:06:36 IST" name="afterSuite" finished-at="2022-03-17T11:06:36 IST" duration-ms="1" status="PASS">
          <reporter-output>
          </reporter-output>
        </test-method> <!-- afterSuite -->
      </class> <!-- com.simplilearn.testng.TestNG_Demo.FirstTest -->
    </test> <!-- Test(failed)(failed) -->
  </suite> <!-- Failed suite [Failed suite [Suite]] -->
</testng-results>
