<?xml version="1.0" encoding="UTF-8"?>
<!-- Generated by org.testng.reporters.JUnitXMLReporter -->
<testsuite ignored="0" hostname="DESKTOP-Q75J1RK" failures="1" tests="2" name="Test" time="0.168" errors="0" timestamp="2022-03-17T11:04:12 IST">
  <testcase classname="com.simplilearn.testng.TestNG_Demo.FirstTest" name="f" time="0.013"/>
  <testcase classname="com.simplilearn.testng.TestNG_Demo.FirstTest" name="testone" time="0.011">
    <failure type="java.lang.AssertionError" message="expected [true] but found [false]">
      <![CDATA[java.lang.AssertionError: expected [true] but found [false]
at com.simplilearn.testng.TestNG_Demo.FirstTest.testone(FirstTest.java:23)
at java.base/java.util.ArrayList.forEach(ArrayList.java:1511)
... Removed 33 stack frames]]>
    </failure>
  </testcase> <!-- testone -->
</testsuite> <!-- Test -->
